<?xml version="1.0" encoding="UTF-8"?>
<testng-results ignored="0" total="1" passed="1" failed="0" skipped="0">
  <reporter-output>
  </reporter-output>
  <suite started-at="2023-03-12T15:17:00Z" name="Suite" finished-at="2023-03-12T15:17:09Z" duration-ms="9322">
    <groups>
    </groups>
    <test started-at="2023-03-12T15:17:00Z" name="Test1" finished-at="2023-03-12T15:17:09Z" duration-ms="9322">
      <class name="Testing">
        <test-method signature="ChromeTest()[pri:0, instance:Testing@7fbdb894]" started-at="2023-03-12T15:17:00Z" name="ChromeTest" finished-at="2023-03-12T15:17:09Z" duration-ms="9311" status="PASS">
          <reporter-output>
          </reporter-output>
        </test-method> <!-- ChromeTest -->
      </class> <!-- Testing -->
    </test> <!-- Test1 -->
  </suite> <!-- Suite -->
</testng-results>
